Started GET "/" for 127.0.0.1 at 2020-12-06 21:45:59 +0530
  [1m[35m (33.9ms)[0m  [1m[34mSELECT sqlite_version(*)[0m
  
ActiveRecord::PendingMigrationError (

Migrations are pending. To resolve this issue, run:

        rails db:migrate RAILS_ENV=development

):
  
activerecord (6.0.3.4) lib/active_record/migration.rb:586:in `check_pending!'
activerecord (6.0.3.4) lib/active_record/migration.rb:564:in `call'
actionpack (6.0.3.4) lib/action_dispatch/middleware/callbacks.rb:27:in `block in call'
activesupport (6.0.3.4) lib/active_support/callbacks.rb:101:in `run_callbacks'
actionpack (6.0.3.4) lib/action_dispatch/middleware/callbacks.rb:26:in `call'
actionpack (6.0.3.4) lib/action_dispatch/middleware/executor.rb:14:in `call'
actionpack (6.0.3.4) lib/action_dispatch/middleware/actionable_exceptions.rb:18:in `call'
actionpack (6.0.3.4) lib/action_dispatch/middleware/debug_exceptions.rb:32:in `call'
web-console (4.1.0) lib/web_console/middleware.rb:132:in `call_app'
web-console (4.1.0) lib/web_console/middleware.rb:28:in `block in call'
web-console (4.1.0) lib/web_console/middleware.rb:17:in `catch'
web-console (4.1.0) lib/web_console/middleware.rb:17:in `call'
actionpack (6.0.3.4) lib/action_dispatch/middleware/show_exceptions.rb:33:in `call'
railties (6.0.3.4) lib/rails/rack/logger.rb:37:in `call_app'
railties (6.0.3.4) lib/rails/rack/logger.rb:26:in `block in call'
activesupport (6.0.3.4) lib/active_support/tagged_logging.rb:80:in `block in tagged'
activesupport (6.0.3.4) lib/active_support/tagged_logging.rb:28:in `tagged'
activesupport (6.0.3.4) lib/active_support/tagged_logging.rb:80:in `tagged'
railties (6.0.3.4) lib/rails/rack/logger.rb:26:in `call'
sprockets-rails (3.2.2) lib/sprockets/rails/quiet_assets.rb:13:in `call'
actionpack (6.0.3.4) lib/action_dispatch/middleware/remote_ip.rb:81:in `call'
actionpack (6.0.3.4) lib/action_dispatch/middleware/request_id.rb:27:in `call'
rack (2.2.3) lib/rack/method_override.rb:24:in `call'
rack (2.2.3) lib/rack/runtime.rb:22:in `call'
activesupport (6.0.3.4) lib/active_support/cache/strategy/local_cache_middleware.rb:29:in `call'
actionpack (6.0.3.4) lib/action_dispatch/middleware/executor.rb:14:in `call'
actionpack (6.0.3.4) lib/action_dispatch/middleware/static.rb:126:in `call'
rack (2.2.3) lib/rack/sendfile.rb:110:in `call'
actionpack (6.0.3.4) lib/action_dispatch/middleware/host_authorization.rb:82:in `call'
webpacker (4.3.0) lib/webpacker/dev_server_proxy.rb:23:in `perform_request'
rack-proxy (0.6.5) lib/rack/proxy.rb:57:in `call'
railties (6.0.3.4) lib/rails/engine.rb:527:in `call'
puma (4.3.7) lib/puma/configuration.rb:228:in `call'
puma (4.3.7) lib/puma/server.rb:713:in `handle_request'
puma (4.3.7) lib/puma/server.rb:472:in `process_client'
puma (4.3.7) lib/puma/server.rb:328:in `block in run'
puma (4.3.7) lib/puma/thread_pool.rb:134:in `block in spawn_thread'
Started POST "/rails/actions" for 127.0.0.1 at 2020-12-06 21:46:04 +0530
  [1m[35m (164.4ms)[0m  [1m[35mCREATE TABLE "schema_migrations" ("version" varchar NOT NULL PRIMARY KEY)[0m
  [1m[35m (146.6ms)[0m  [1m[35mCREATE TABLE "ar_internal_metadata" ("key" varchar NOT NULL PRIMARY KEY, "value" varchar, "created_at" datetime(6) NOT NULL, "updated_at" datetime(6) NOT NULL)[0m
  [1m[35m (0.5ms)[0m  [1m[34mSELECT "schema_migrations"."version" FROM "schema_migrations" ORDER BY "schema_migrations"."version" ASC[0m
Migrating to CreateUsers (20201201173055)
  [1m[35m (0.2ms)[0m  [1m[36mbegin transaction[0m
  [1m[35m (2.3ms)[0m  [1m[35mCREATE TABLE "users" ("id" integer PRIMARY KEY AUTOINCREMENT NOT NULL, "user_name" varchar, "created_at" datetime(6) NOT NULL, "updated_at" datetime(6) NOT NULL)[0m
  [1m[36mprimary::SchemaMigration Create (0.4ms)[0m  [1m[32mINSERT INTO "schema_migrations" ("version") VALUES (?)[0m  [["version", "20201201173055"]]
  [1m[35m (138.4ms)[0m  [1m[36mcommit transaction[0m
Migrating to CreateEvents (20201203194958)
  [1m[35m (0.1ms)[0m  [1m[36mbegin transaction[0m
  [1m[35m (2.1ms)[0m  [1m[35mCREATE TABLE "events" ("id" integer PRIMARY KEY AUTOINCREMENT NOT NULL, "user_id" integer NOT NULL, "title" varchar, "description" text, "event_date" date, "created_at" datetime(6) NOT NULL, "updated_at" datetime(6) NOT NULL, CONSTRAINT "fk_rails_0cb5590091"
FOREIGN KEY ("user_id")
  REFERENCES "users" ("id")
)[0m
  [1m[35m (11.7ms)[0m  [1m[35mCREATE  INDEX "index_events_on_user_id" ON "events" ("user_id")[0m
  [1m[36mprimary::SchemaMigration Create (1.0ms)[0m  [1m[32mINSERT INTO "schema_migrations" ("version") VALUES (?)[0m  [["version", "20201203194958"]]
  [1m[35m (139.1ms)[0m  [1m[36mcommit transaction[0m
Migrating to CreateEnrollments (20201203215854)
  [1m[35m (0.1ms)[0m  [1m[36mbegin transaction[0m
  [1m[35m (1.9ms)[0m  [1m[35mCREATE TABLE "enrollments" ("id" integer PRIMARY KEY AUTOINCREMENT NOT NULL, "event_id" integer NOT NULL, "user_id" integer NOT NULL, "category" varchar, "created_at" datetime(6) NOT NULL, "updated_at" datetime(6) NOT NULL, CONSTRAINT "fk_rails_a6378ee767"
FOREIGN KEY ("event_id")
  REFERENCES "events" ("id")
, CONSTRAINT "fk_rails_e860e0e46b"
FOREIGN KEY ("user_id")
  REFERENCES "users" ("id")
)[0m
  [1m[35m (0.3ms)[0m  [1m[35mCREATE  INDEX "index_enrollments_on_event_id" ON "enrollments" ("event_id")[0m
  [1m[35m (0.3ms)[0m  [1m[35mCREATE  INDEX "index_enrollments_on_user_id" ON "enrollments" ("user_id")[0m
  [1m[36mprimary::SchemaMigration Create (0.4ms)[0m  [1m[32mINSERT INTO "schema_migrations" ("version") VALUES (?)[0m  [["version", "20201203215854"]]
  [1m[35m (131.3ms)[0m  [1m[36mcommit transaction[0m
  [1m[36mActiveRecord::InternalMetadata Load (0.5ms)[0m  [1m[34mSELECT "ar_internal_metadata".* FROM "ar_internal_metadata" WHERE "ar_internal_metadata"."key" = ? LIMIT ?[0m  [["key", "environment"], ["LIMIT", 1]]
  [1m[35m (0.1ms)[0m  [1m[36mbegin transaction[0m
  [1m[36mActiveRecord::InternalMetadata Create (1.4ms)[0m  [1m[32mINSERT INTO "ar_internal_metadata" ("key", "value", "created_at", "updated_at") VALUES (?, ?, ?, ?)[0m  [["key", "environment"], ["value", "development"], ["created_at", "2020-12-06 16:16:06.341054"], ["updated_at", "2020-12-06 16:16:06.341054"]]
  [1m[35m (119.4ms)[0m  [1m[36mcommit transaction[0m
Started GET "/" for 127.0.0.1 at 2020-12-06 21:46:06 +0530
  [1m[35m (0.4ms)[0m  [1m[34mSELECT "schema_migrations"."version" FROM "schema_migrations" ORDER BY "schema_migrations"."version" ASC[0m
Processing by UsersController#index as HTML
  Rendering users/index.html.erb within layouts/application
  [1m[35m (1.4ms)[0m  [1m[34mSELECT COUNT(*) FROM "users"[0m
  ↳ app/views/users/index.html.erb:1
  [1m[36mUser Load (1.1ms)[0m  [1m[34mSELECT "users".* FROM "users"[0m
  ↳ app/views/users/index.html.erb:12
  [1m[36mUser Load (0.6ms)[0m  [1m[34mSELECT "users".* FROM "users" WHERE "users"."id" IS NULL LIMIT ?[0m  [["LIMIT", 1]]
  ↳ app/controllers/application_controller.rb:4:in `current_user'
  Rendered users/index.html.erb within layouts/application (Duration: 139.5ms | Allocations: 2478)
[Webpacker] Compiling...
[Webpacker] Compiled all packs in C:/Users/conne/OneDrive/Desktop/Private-Events/public/packs
[Webpacker] Hash: 15d1bb7b54cf6326b9ba
Version: webpack 4.44.2
Time: 6125ms
Built at: 06/12/2020 9:46:20 pm
                                     Asset       Size       Chunks                         Chunk Names
    js/application-9afcbb5693aa87623e69.js    124 KiB  application  [emitted] [immutable]  application
js/application-9afcbb5693aa87623e69.js.map    139 KiB  application  [emitted] [dev]        application
                             manifest.json  364 bytes               [emitted]              
Entrypoint application = js/application-9afcbb5693aa87623e69.js js/application-9afcbb5693aa87623e69.js.map
[./app/javascript/channels sync recursive _channel\.js$] ./app/javascript/channels sync _channel\.js$ 160 bytes {application} [built]
[./app/javascript/channels/index.js] 211 bytes {application} [built]
[./app/javascript/packs/application.js] 749 bytes {application} [built]
[./node_modules/webpack/buildin/module.js] (webpack)/buildin/module.js 552 bytes {application} [built]
    + 3 hidden modules

  [1m[36mCACHE User Load (0.0ms)[0m  [1m[34mSELECT "users".* FROM "users" WHERE "users"."id" IS NULL LIMIT ?[0m  [["LIMIT", 1]]
  ↳ app/controllers/application_controller.rb:4:in `current_user'
  Rendered layouts/_header.html.erb (Duration: 35.8ms | Allocations: 1024)
Completed 200 OK in 14063ms (Views: 13758.0ms | ActiveRecord: 5.8ms | Allocations: 46773)


Started GET "/" for 127.0.0.1 at 2020-12-06 21:46:27 +0530
Processing by UsersController#index as HTML
  Rendering users/index.html.erb within layouts/application
  [1m[35m (0.5ms)[0m  [1m[34mSELECT COUNT(*) FROM "users"[0m
  ↳ app/views/users/index.html.erb:1
  [1m[36mUser Load (0.8ms)[0m  [1m[34mSELECT "users".* FROM "users"[0m
  ↳ app/views/users/index.html.erb:12
  [1m[36mUser Load (0.4ms)[0m  [1m[34mSELECT "users".* FROM "users" WHERE "users"."id" IS NULL LIMIT ?[0m  [["LIMIT", 1]]
  ↳ app/controllers/application_controller.rb:4:in `current_user'
  Rendered users/index.html.erb within layouts/application (Duration: 74.9ms | Allocations: 1920)
[Webpacker] Everything's up-to-date. Nothing to do
  [1m[36mCACHE User Load (0.0ms)[0m  [1m[34mSELECT "users".* FROM "users" WHERE "users"."id" IS NULL LIMIT ?[0m  [["LIMIT", 1]]
  ↳ app/controllers/application_controller.rb:4:in `current_user'
  Rendered layouts/_header.html.erb (Duration: 5.5ms | Allocations: 772)
Completed 200 OK in 149ms (Views: 146.0ms | ActiveRecord: 1.6ms | Allocations: 8018)


Started GET "/users/new" for 127.0.0.1 at 2020-12-06 21:46:29 +0530
Processing by UsersController#new as HTML
  Rendering users/new.html.erb within layouts/application
  Rendered users/_form.html.erb (Duration: 518.6ms | Allocations: 7004)
  Rendered users/new.html.erb within layouts/application (Duration: 536.3ms | Allocations: 7370)
[Webpacker] Everything's up-to-date. Nothing to do
  [1m[36mUser Load (0.6ms)[0m  [1m[34mSELECT "users".* FROM "users" WHERE "users"."id" IS NULL LIMIT ?[0m  [["LIMIT", 1]]
  ↳ app/controllers/application_controller.rb:4:in `current_user'
  Rendered layouts/_header.html.erb (Duration: 7.5ms | Allocations: 818)
Completed 200 OK in 642ms (Views: 627.4ms | ActiveRecord: 1.8ms | Allocations: 15529)


Started POST "/users" for 127.0.0.1 at 2020-12-06 21:46:34 +0530
Processing by UsersController#create as HTML
  Parameters: {"authenticity_token"=>"b6G22p+89zfPUpXCtezv61FNXi02ZZBvhWUh+8vLzvBtofLYLiQ0x9uXQfloLBx8wVmoMrOfjr4UpvdrRV745A==", "user"=>{"user_name"=>"hi"}, "commit"=>"Create my account"}
  [1m[35m (0.1ms)[0m  [1m[36mbegin transaction[0m
  ↳ app/controllers/users_controller.rb:15:in `create'
  [1m[36mUser Exists? (0.5ms)[0m  [1m[34mSELECT 1 AS one FROM "users" WHERE "users"."user_name" = ? LIMIT ?[0m  [["user_name", "hi"], ["LIMIT", 1]]
  ↳ app/controllers/users_controller.rb:15:in `create'
  [1m[36mUser Create (1.5ms)[0m  [1m[32mINSERT INTO "users" ("user_name", "created_at", "updated_at") VALUES (?, ?, ?)[0m  [["user_name", "hi"], ["created_at", "2020-12-06 16:16:34.599930"], ["updated_at", "2020-12-06 16:16:34.599930"]]
  ↳ app/controllers/users_controller.rb:15:in `create'
  [1m[35m (196.8ms)[0m  [1m[36mcommit transaction[0m
  ↳ app/controllers/users_controller.rb:15:in `create'
Redirected to http://127.0.0.1:3000/users
Completed 302 Found in 364ms (ActiveRecord: 198.9ms | Allocations: 4053)


Started GET "/users" for 127.0.0.1 at 2020-12-06 21:46:35 +0530
Processing by UsersController#index as HTML
  Rendering users/index.html.erb within layouts/application
  [1m[35m (0.5ms)[0m  [1m[34mSELECT COUNT(*) FROM "users"[0m
  ↳ app/views/users/index.html.erb:1
  [1m[36mUser Load (0.8ms)[0m  [1m[34mSELECT "users".* FROM "users"[0m
  ↳ app/views/users/index.html.erb:12
  [1m[36mUser Load (0.5ms)[0m  [1m[34mSELECT "users".* FROM "users" WHERE "users"."id" IS NULL LIMIT ?[0m  [["LIMIT", 1]]
  ↳ app/controllers/application_controller.rb:4:in `current_user'
  Rendered users/index.html.erb within layouts/application (Duration: 42.9ms | Allocations: 2015)
[Webpacker] Everything's up-to-date. Nothing to do
  [1m[36mCACHE User Load (0.0ms)[0m  [1m[34mSELECT "users".* FROM "users" WHERE "users"."id" IS NULL LIMIT ?[0m  [["LIMIT", 1]]
  ↳ app/controllers/application_controller.rb:4:in `current_user'
  Rendered layouts/_header.html.erb (Duration: 13.6ms | Allocations: 763)
Completed 200 OK in 124ms (Views: 121.4ms | ActiveRecord: 1.8ms | Allocations: 8076)


Started GET "/users/1" for 127.0.0.1 at 2020-12-06 21:46:41 +0530
Processing by UsersController#show as HTML
  Parameters: {"id"=>"1"}
  [1m[36mUser Load (0.6ms)[0m  [1m[34mSELECT "users".* FROM "users" WHERE "users"."id" = ? LIMIT ?[0m  [["id", 1], ["LIMIT", 1]]
  ↳ app/controllers/users_controller.rb:26:in `show'
  Rendering users/show.html.erb within layouts/application
  [1m[36mEvent Load (2.1ms)[0m  [1m[34mSELECT "events".* FROM "events" WHERE "events"."creator_id" = ?[0m  [["creator_id", 1]]
  ↳ app/views/users/show.html.erb:10
  Rendered users/show.html.erb within layouts/application (Duration: 874.1ms | Allocations: 9110)
Completed 500 Internal Server Error in 897ms (ActiveRecord: 5.6ms | Allocations: 10386)


  
ActionView::Template::Error (SQLite3::SQLException: no such column: events.creator_id):
     7:     </tr>
     8:   </thead>
     9:   <tbody>
    10:       <% @user.events.each do |event|%>
    11:         <tr>
    12:             <th><%= event.title %> </th>
    13:             <%# <th><%= link_to "show", user_path(user.id) </th> %>
  
app/views/users/show.html.erb:10
Started GET "/users/1" for 127.0.0.1 at 2020-12-06 21:46:43 +0530
Processing by UsersController#show as HTML
  Parameters: {"id"=>"1"}
  [1m[36mUser Load (0.3ms)[0m  [1m[34mSELECT "users".* FROM "users" WHERE "users"."id" = ? LIMIT ?[0m  [["id", 1], ["LIMIT", 1]]
  ↳ app/controllers/users_controller.rb:26:in `show'
  Rendering users/show.html.erb within layouts/application
  [1m[36mEvent Load (0.9ms)[0m  [1m[34mSELECT "events".* FROM "events" WHERE "events"."creator_id" = ?[0m  [["creator_id", 1]]
  ↳ app/views/users/show.html.erb:10
  Rendered users/show.html.erb within layouts/application (Duration: 7.7ms | Allocations: 2150)
Completed 500 Internal Server Error in 33ms (ActiveRecord: 1.2ms | Allocations: 3145)


  
ActionView::Template::Error (SQLite3::SQLException: no such column: events.creator_id):
     7:     </tr>
     8:   </thead>
     9:   <tbody>
    10:       <% @user.events.each do |event|%>
    11:         <tr>
    12:             <th><%= event.title %> </th>
    13:             <%# <th><%= link_to "show", user_path(user.id) </th> %>
  
app/views/users/show.html.erb:10
Started GET "/users" for 127.0.0.1 at 2020-12-06 21:46:48 +0530
Processing by UsersController#index as HTML
  Rendering users/index.html.erb within layouts/application
  [1m[35m (0.4ms)[0m  [1m[34mSELECT COUNT(*) FROM "users"[0m
  ↳ app/views/users/index.html.erb:1
  [1m[36mUser Load (2.4ms)[0m  [1m[34mSELECT "users".* FROM "users"[0m
  ↳ app/views/users/index.html.erb:12
  [1m[36mUser Load (0.3ms)[0m  [1m[34mSELECT "users".* FROM "users" WHERE "users"."id" IS NULL LIMIT ?[0m  [["LIMIT", 1]]
  ↳ app/controllers/application_controller.rb:4:in `current_user'
  Rendered users/index.html.erb within layouts/application (Duration: 36.7ms | Allocations: 2007)
[Webpacker] Everything's up-to-date. Nothing to do
  [1m[36mCACHE User Load (0.0ms)[0m  [1m[34mSELECT "users".* FROM "users" WHERE "users"."id" IS NULL LIMIT ?[0m  [["LIMIT", 1]]
  ↳ app/controllers/application_controller.rb:4:in `current_user'
  Rendered layouts/_header.html.erb (Duration: 21.5ms | Allocations: 765)
Completed 200 OK in 142ms (Views: 137.8ms | ActiveRecord: 3.1ms | Allocations: 8110)


Started DELETE "/users/1" for 127.0.0.1 at 2020-12-06 21:46:52 +0530
Processing by UsersController#destroy as HTML
  Parameters: {"authenticity_token"=>"oXHQZW6ekR7KS687Soo1t9vo+hoetwwv/I0xti4DCdTyTkIcS/bQQDRkVMSJf/ZIzLL20qKXjwzQnvcAodkzmA==", "id"=>"1"}
  [1m[36mUser Load (0.9ms)[0m  [1m[34mSELECT "users".* FROM "users" WHERE "users"."id" = ? LIMIT ?[0m  [["id", 1], ["LIMIT", 1]]
  ↳ app/controllers/users_controller.rb:30:in `destroy'
  [1m[35m (0.1ms)[0m  [1m[36mbegin transaction[0m
  ↳ app/controllers/users_controller.rb:31:in `destroy'
  [1m[36mEvent Load (1.2ms)[0m  [1m[34mSELECT "events".* FROM "events" WHERE "events"."creator_id" = ?[0m  [["creator_id", 1]]
  ↳ app/controllers/users_controller.rb:31:in `destroy'
  [1m[35m (0.1ms)[0m  [1m[31mrollback transaction[0m
  ↳ app/controllers/users_controller.rb:31:in `destroy'
Completed 500 Internal Server Error in 82ms (ActiveRecord: 2.3ms | Allocations: 4146)


  
ActiveRecord::StatementInvalid (SQLite3::SQLException: no such column: events.creator_id):
  
app/controllers/users_controller.rb:31:in `destroy'
Started GET "/users/new" for 127.0.0.1 at 2020-12-06 21:46:59 +0530
Processing by UsersController#new as HTML
  Rendering users/new.html.erb within layouts/application
  Rendered users/_form.html.erb (Duration: 1.5ms | Allocations: 409)
  Rendered users/new.html.erb within layouts/application (Duration: 9.7ms | Allocations: 486)
[Webpacker] Everything's up-to-date. Nothing to do
  [1m[36mUser Load (0.3ms)[0m  [1m[34mSELECT "users".* FROM "users" WHERE "users"."id" IS NULL LIMIT ?[0m  [["LIMIT", 1]]
  ↳ app/controllers/application_controller.rb:4:in `current_user'
  Rendered layouts/_header.html.erb (Duration: 23.0ms | Allocations: 811)
Completed 200 OK in 110ms (Views: 108.3ms | ActiveRecord: 0.3ms | Allocations: 6608)


Started GET "/sessions/new" for 127.0.0.1 at 2020-12-06 21:47:00 +0530
Processing by SessionsController#new as HTML
  Rendering sessions/new.html.erb within layouts/application
  Rendered sessions/new.html.erb within layouts/application (Duration: 22.9ms | Allocations: 486)
[Webpacker] Everything's up-to-date. Nothing to do
  [1m[36mUser Load (0.4ms)[0m  [1m[34mSELECT "users".* FROM "users" WHERE "users"."id" IS NULL LIMIT ?[0m  [["LIMIT", 1]]
  ↳ app/controllers/application_controller.rb:4:in `current_user'
  Rendered layouts/_header.html.erb (Duration: 14.1ms | Allocations: 817)
Completed 200 OK in 121ms (Views: 117.2ms | ActiveRecord: 0.4ms | Allocations: 7124)


Started POST "/sessions" for 127.0.0.1 at 2020-12-06 21:47:04 +0530
Processing by SessionsController#create as HTML
  Parameters: {"authenticity_token"=>"BhkXer205I0m48byJvmGdlbUo9DdkyPomr8XPlKm9pjZU31U7KrAu7Jt2ddIbMg8iRqSRJr2A7AmdVpjcUUtBg==", "session"=>{"user_name"=>"hi"}, "commit"=>"Sign in"}
  [1m[36mUser Load (0.6ms)[0m  [1m[34mSELECT "users".* FROM "users" WHERE "users"."user_name" = ? LIMIT ?[0m  [["user_name", "hi"], ["LIMIT", 1]]
  ↳ app/controllers/sessions_controller.rb:6:in `create'
Redirected to http://127.0.0.1:3000/
Completed 302 Found in 44ms (ActiveRecord: 0.6ms | Allocations: 1128)


Started GET "/" for 127.0.0.1 at 2020-12-06 21:47:05 +0530
Processing by UsersController#index as HTML
  Rendering users/index.html.erb within layouts/application
  [1m[35m (0.4ms)[0m  [1m[34mSELECT COUNT(*) FROM "users"[0m
  ↳ app/views/users/index.html.erb:1
  [1m[36mUser Load (0.4ms)[0m  [1m[34mSELECT "users".* FROM "users"[0m
  ↳ app/views/users/index.html.erb:12
  [1m[36mUser Load (0.4ms)[0m  [1m[34mSELECT "users".* FROM "users" WHERE "users"."id" = ? LIMIT ?[0m  [["id", 1], ["LIMIT", 1]]
  ↳ app/controllers/application_controller.rb:4:in `current_user'
  [1m[36mCACHE User Load (0.0ms)[0m  [1m[34mSELECT "users".* FROM "users" WHERE "users"."id" = ? LIMIT ?[0m  [["id", 1], ["LIMIT", 1]]
  ↳ app/controllers/application_controller.rb:4:in `current_user'
  Rendered users/index.html.erb within layouts/application (Duration: 45.9ms | Allocations: 2490)
[Webpacker] Everything's up-to-date. Nothing to do
  [1m[36mCACHE User Load (0.0ms)[0m  [1m[34mSELECT "users".* FROM "users" WHERE "users"."id" = ? LIMIT ?[0m  [["id", 1], ["LIMIT", 1]]
  ↳ app/controllers/application_controller.rb:4:in `current_user'
  Rendered layouts/_header.html.erb (Duration: 4.7ms | Allocations: 649)
  Rendered layouts/_alerts.html.erb (Duration: 9.1ms | Allocations: 105)
Completed 200 OK in 135ms (Views: 133.2ms | ActiveRecord: 1.2ms | Allocations: 8767)


Started GET "/" for ::1 at 2020-12-06 22:02:15 +0530
  [1m[35m (0.1ms)[0m  [1m[34mSELECT sqlite_version(*)[0m
Processing by UsersController#index as HTML
  Rendering users/index.html.erb within layouts/application
  [1m[35m (2.1ms)[0m  [1m[34mSELECT COUNT(*) FROM "users"[0m
  ↳ app/views/users/index.html.erb:1
  [1m[36mUser Load (0.9ms)[0m  [1m[34mSELECT "users".* FROM "users"[0m
  ↳ app/views/users/index.html.erb:12
  [1m[36mUser Load (0.5ms)[0m  [1m[34mSELECT "users".* FROM "users" WHERE "users"."id" IS NULL LIMIT ?[0m  [["LIMIT", 1]]
  ↳ app/controllers/application_controller.rb:4:in `current_user'
  Rendered users/index.html.erb within layouts/application (Duration: 66.5ms | Allocations: 2037)
[Webpacker] Everything's up-to-date. Nothing to do
  [1m[36mCACHE User Load (0.0ms)[0m  [1m[34mSELECT "users".* FROM "users" WHERE "users"."id" IS NULL LIMIT ?[0m  [["LIMIT", 1]]
  ↳ app/controllers/application_controller.rb:4:in `current_user'
  Rendered layouts/_header.html.erb (Duration: 5.9ms | Allocations: 765)
Completed 200 OK in 159ms (Views: 152.8ms | ActiveRecord: 3.5ms | Allocations: 8039)


Started GET "/events" for ::1 at 2020-12-06 22:02:23 +0530
Processing by EventsController#index as HTML
  Rendering events/index.html.erb within layouts/application
  [1m[36mEvent Load (0.4ms)[0m  [1m[34mSELECT "events".* FROM "events"[0m
  ↳ app/views/events/index.html.erb:17
  Rendered events/index.html.erb within layouts/application (Duration: 82.4ms | Allocations: 939)
[Webpacker] Everything's up-to-date. Nothing to do
  [1m[36mUser Load (0.3ms)[0m  [1m[34mSELECT "users".* FROM "users" WHERE "users"."id" IS NULL LIMIT ?[0m  [["LIMIT", 1]]
  ↳ app/controllers/application_controller.rb:4:in `current_user'
  Rendered layouts/_header.html.erb (Duration: 12.4ms | Allocations: 817)
Completed 200 OK in 177ms (Views: 172.0ms | ActiveRecord: 0.7ms | Allocations: 7640)


Started GET "/events/new" for ::1 at 2020-12-06 22:02:28 +0530
Processing by EventsController#new as HTML
  Rendering events/new.html.erb within layouts/application
  Rendered events/_form.html.erb (Duration: 122.6ms | Allocations: 2973)
  Rendered events/new.html.erb within layouts/application (Duration: 138.8ms | Allocations: 3299)
[Webpacker] Everything's up-to-date. Nothing to do
  [1m[36mUser Load (1.2ms)[0m  [1m[34mSELECT "users".* FROM "users" WHERE "users"."id" IS NULL LIMIT ?[0m  [["LIMIT", 1]]
  ↳ app/controllers/application_controller.rb:4:in `current_user'
  Rendered layouts/_header.html.erb (Duration: 25.1ms | Allocations: 816)
Completed 200 OK in 326ms (Views: 308.6ms | ActiveRecord: 2.2ms | Allocations: 12986)


Started POST "/events" for ::1 at 2020-12-06 22:02:35 +0530
Processing by EventsController#create as HTML
  Parameters: {"authenticity_token"=>"PWHoa7WC0LuiQ4eEX6DNMgwZ7XNUCJjw9qOMmtQ0Za8+LjTU7H4R+Lc1mUxJfiNplkK/7NdvBB9tnrelDxkaug==", "event"=>{"title"=>"sdf", "description"=>"gfgn", "event_date(1i)"=>"2020", "event_date(2i)"=>"12", "event_date(3i)"=>"6"}, "commit"=>"Create Event"}
  [1m[36mUser Load (0.4ms)[0m  [1m[34mSELECT "users".* FROM "users" WHERE "users"."id" IS NULL LIMIT ?[0m  [["LIMIT", 1]]
  ↳ app/controllers/application_controller.rb:4:in `current_user'
Completed 500 Internal Server Error in 10ms (ActiveRecord: 0.4ms | Allocations: 1884)


  
NoMethodError (undefined method `events' for nil:NilClass):
  
app/controllers/events_controller.rb:28:in `create'
Started POST "/events" for ::1 at 2020-12-06 22:04:06 +0530
Processing by EventsController#create as HTML
  Parameters: {"authenticity_token"=>"PWHoa7WC0LuiQ4eEX6DNMgwZ7XNUCJjw9qOMmtQ0Za8+LjTU7H4R+Lc1mUxJfiNplkK/7NdvBB9tnrelDxkaug==", "event"=>{"title"=>"sdf", "description"=>"gfgn", "event_date(1i)"=>"2020", "event_date(2i)"=>"12", "event_date(3i)"=>"6"}, "commit"=>"Create Event"}
  [1m[36mUser Load (0.4ms)[0m  [1m[34mSELECT "users".* FROM "users" WHERE "users"."id" IS NULL LIMIT ?[0m  [["LIMIT", 1]]
  ↳ app/controllers/application_controller.rb:4:in `current_user'
Completed 500 Internal Server Error in 25ms (ActiveRecord: 0.4ms | Allocations: 1876)


  
NoMethodError (undefined method `events' for nil:NilClass):
  
app/controllers/events_controller.rb:28:in `create'
Started POST "/events" for ::1 at 2020-12-06 22:04:37 +0530
  [1m[35m (0.1ms)[0m  [1m[34mSELECT sqlite_version(*)[0m
Processing by EventsController#create as HTML
  Parameters: {"authenticity_token"=>"PWHoa7WC0LuiQ4eEX6DNMgwZ7XNUCJjw9qOMmtQ0Za8+LjTU7H4R+Lc1mUxJfiNplkK/7NdvBB9tnrelDxkaug==", "event"=>{"title"=>"sdf", "description"=>"gfgn", "event_date(1i)"=>"2020", "event_date(2i)"=>"12", "event_date(3i)"=>"6"}, "commit"=>"Create Event"}
  [1m[36mUser Load (0.5ms)[0m  [1m[34mSELECT "users".* FROM "users" WHERE "users"."id" IS NULL LIMIT ?[0m  [["LIMIT", 1]]
  ↳ app/controllers/application_controller.rb:4:in `current_user'
Completed 500 Internal Server Error in 48ms (ActiveRecord: 1.6ms | Allocations: 4103)


  
NoMethodError (undefined method `event' for nil:NilClass):
  
app/controllers/events_controller.rb:28:in `create'
Started GET "/events" for ::1 at 2020-12-06 22:06:16 +0530
  [1m[35m (0.1ms)[0m  [1m[34mSELECT sqlite_version(*)[0m
Processing by EventsController#index as HTML
  Rendering events/index.html.erb within layouts/application
  [1m[36mEvent Load (0.9ms)[0m  [1m[34mSELECT "events".* FROM "events"[0m
  ↳ app/views/events/index.html.erb:17
  Rendered events/index.html.erb within layouts/application (Duration: 9.9ms | Allocations: 1223)
[Webpacker] Everything's up-to-date. Nothing to do
  [1m[36mUser Load (0.8ms)[0m  [1m[34mSELECT "users".* FROM "users" WHERE "users"."id" IS NULL LIMIT ?[0m  [["LIMIT", 1]]
  ↳ app/controllers/application_controller.rb:4:in `current_user'
  Rendered layouts/_header.html.erb (Duration: 33.0ms | Allocations: 2714)
Completed 200 OK in 180ms (Views: 155.5ms | ActiveRecord: 4.5ms | Allocations: 10964)


Started GET "/events/new" for ::1 at 2020-12-06 22:06:20 +0530
Processing by EventsController#new as HTML
  Rendering events/new.html.erb within layouts/application
  Rendered events/_form.html.erb (Duration: 7.0ms | Allocations: 1922)
  Rendered events/new.html.erb within layouts/application (Duration: 10.8ms | Allocations: 2004)
[Webpacker] Everything's up-to-date. Nothing to do
  [1m[36mUser Load (0.5ms)[0m  [1m[34mSELECT "users".* FROM "users" WHERE "users"."id" IS NULL LIMIT ?[0m  [["LIMIT", 1]]
  ↳ app/controllers/application_controller.rb:4:in `current_user'
  Rendered layouts/_header.html.erb (Duration: 5.8ms | Allocations: 812)
Completed 200 OK in 117ms (Views: 86.1ms | ActiveRecord: 3.2ms | Allocations: 11463)


Started GET "/events/new" for ::1 at 2020-12-06 22:08:10 +0530
Processing by EventsController#new as HTML
  Rendering events/new.html.erb within layouts/application
  Rendered events/_form.html.erb (Duration: 5.7ms | Allocations: 1864)
  Rendered events/new.html.erb within layouts/application (Duration: 15.1ms | Allocations: 1946)
[Webpacker] Everything's up-to-date. Nothing to do
  [1m[36mUser Load (0.6ms)[0m  [1m[34mSELECT "users".* FROM "users" WHERE "users"."id" IS NULL LIMIT ?[0m  [["LIMIT", 1]]
  ↳ app/controllers/application_controller.rb:4:in `current_user'
  Rendered layouts/_header.html.erb (Duration: 27.4ms | Allocations: 815)
Completed 200 OK in 124ms (Views: 121.7ms | ActiveRecord: 0.6ms | Allocations: 8080)


Started POST "/events" for ::1 at 2020-12-06 22:08:16 +0530
Processing by EventsController#create as HTML
  Parameters: {"authenticity_token"=>"XTb/LfJWnAm/h60PtmhjtnfCWcL78+rgUM4smkjaT3uFPr0JWhmsZNObR567hktoZ0Nde8DI7HgwCEJo7BzRVA==", "event"=>{"title"=>"cb", "description"=>"dfh", "event_date(1i)"=>"2020", "event_date(2i)"=>"12", "event_date(3i)"=>"6"}, "commit"=>"Create Event"}
  [1m[36mUser Load (0.4ms)[0m  [1m[34mSELECT "users".* FROM "users" WHERE "users"."id" IS NULL LIMIT ?[0m  [["LIMIT", 1]]
  ↳ app/controllers/application_controller.rb:4:in `current_user'
Completed 500 Internal Server Error in 21ms (ActiveRecord: 0.4ms | Allocations: 1833)


  
NoMethodError (undefined method `events' for nil:NilClass):
  
app/controllers/events_controller.rb:28:in `create'
Started GET "/" for 127.0.0.1 at 2020-12-06 22:11:38 +0530
  [1m[35m (0.1ms)[0m  [1m[34mSELECT sqlite_version(*)[0m
Processing by UsersController#index as HTML
  Rendering users/index.html.erb within layouts/application
  [1m[35m (0.4ms)[0m  [1m[34mSELECT COUNT(*) FROM "users"[0m
  ↳ app/views/users/index.html.erb:1
  [1m[36mUser Load (0.6ms)[0m  [1m[34mSELECT "users".* FROM "users"[0m
  ↳ app/views/users/index.html.erb:12
  [1m[36mUser Load (1.0ms)[0m  [1m[34mSELECT "users".* FROM "users" WHERE "users"."id" = ? LIMIT ?[0m  [["id", 1], ["LIMIT", 1]]
  ↳ app/controllers/application_controller.rb:4:in `current_user'
  [1m[36mCACHE User Load (0.0ms)[0m  [1m[34mSELECT "users".* FROM "users" WHERE "users"."id" = ? LIMIT ?[0m  [["id", 1], ["LIMIT", 1]]
  ↳ app/controllers/application_controller.rb:4:in `current_user'
  Rendered users/index.html.erb within layouts/application (Duration: 85.3ms | Allocations: 4836)
[Webpacker] Everything's up-to-date. Nothing to do
  [1m[36mCACHE User Load (0.1ms)[0m  [1m[34mSELECT "users".* FROM "users" WHERE "users"."id" = ? LIMIT ?[0m  [["id", 1], ["LIMIT", 1]]
  ↳ app/controllers/application_controller.rb:4:in `current_user'
  Rendered layouts/_header.html.erb (Duration: 80.4ms | Allocations: 651)
Completed 200 OK in 350ms (Views: 334.1ms | ActiveRecord: 6.8ms | Allocations: 12714)


Started GET "/events" for 127.0.0.1 at 2020-12-06 22:11:45 +0530
Processing by EventsController#index as HTML
  Rendering events/index.html.erb within layouts/application
  [1m[36mEvent Load (1.9ms)[0m  [1m[34mSELECT "events".* FROM "events"[0m
  ↳ app/views/events/index.html.erb:17
  Rendered events/index.html.erb within layouts/application (Duration: 34.2ms | Allocations: 1051)
[Webpacker] Everything's up-to-date. Nothing to do
  [1m[36mUser Load (0.4ms)[0m  [1m[34mSELECT "users".* FROM "users" WHERE "users"."id" = ? LIMIT ?[0m  [["id", 1], ["LIMIT", 1]]
  ↳ app/controllers/application_controller.rb:4:in `current_user'
  Rendered layouts/_header.html.erb (Duration: 16.8ms | Allocations: 703)
Completed 200 OK in 172ms (Views: 143.5ms | ActiveRecord: 5.4ms | Allocations: 8665)


Started GET "/events/new" for 127.0.0.1 at 2020-12-06 22:11:47 +0530
Processing by EventsController#new as HTML
  Rendering events/new.html.erb within layouts/application
  Rendered events/_form.html.erb (Duration: 6.8ms | Allocations: 1922)
  Rendered events/new.html.erb within layouts/application (Duration: 9.5ms | Allocations: 2004)
[Webpacker] Everything's up-to-date. Nothing to do
  [1m[36mUser Load (0.6ms)[0m  [1m[34mSELECT "users".* FROM "users" WHERE "users"."id" = ? LIMIT ?[0m  [["id", 1], ["LIMIT", 1]]
  ↳ app/controllers/application_controller.rb:4:in `current_user'
  Rendered layouts/_header.html.erb (Duration: 4.8ms | Allocations: 697)
Completed 200 OK in 97ms (Views: 80.9ms | ActiveRecord: 1.4ms | Allocations: 11253)


Started POST "/events" for 127.0.0.1 at 2020-12-06 22:11:52 +0530
Processing by EventsController#create as HTML
  Parameters: {"authenticity_token"=>"s6MqDwCSzw3VlZ4wkHBHfPsSIebDfRBDO6U1jyN76lbbxhwxwtG53GicEtpcgaKrpOb/R84BOIAt9c4x22NuTA==", "event"=>{"title"=>"fgh", "description"=>"fgjnhg", "event_date(1i)"=>"2020", "event_date(2i)"=>"12", "event_date(3i)"=>"6"}, "commit"=>"Create Event"}
  [1m[36mUser Load (0.4ms)[0m  [1m[34mSELECT "users".* FROM "users" WHERE "users"."id" = ? LIMIT ?[0m  [["id", 1], ["LIMIT", 1]]
  ↳ app/controllers/application_controller.rb:4:in `current_user'
Completed 500 Internal Server Error in 36ms (ActiveRecord: 0.4ms | Allocations: 2056)


  
ActiveModel::UnknownAttributeError (unknown attribute 'creator_id' for Event.):
  
app/controllers/events_controller.rb:28:in `create'
Started POST "/events" for 127.0.0.1 at 2020-12-06 22:12:47 +0530
  [1m[35m (0.1ms)[0m  [1m[34mSELECT sqlite_version(*)[0m
Processing by EventsController#create as HTML
  Parameters: {"authenticity_token"=>"s6MqDwCSzw3VlZ4wkHBHfPsSIebDfRBDO6U1jyN76lbbxhwxwtG53GicEtpcgaKrpOb/R84BOIAt9c4x22NuTA==", "event"=>{"title"=>"fgh", "description"=>"fgjnhg", "event_date(1i)"=>"2020", "event_date(2i)"=>"12", "event_date(3i)"=>"6"}, "commit"=>"Create Event"}
  [1m[36mUser Load (1.1ms)[0m  [1m[34mSELECT "users".* FROM "users" WHERE "users"."id" = ? LIMIT ?[0m  [["id", 1], ["LIMIT", 1]]
  ↳ app/controllers/application_controller.rb:4:in `current_user'
[31mUnpermitted parameters: :event_date(1i), :event_date(2i), :event_date(3i)[0m
Completed 500 Internal Server Error in 79ms (ActiveRecord: 8.9ms | Allocations: 11251)


  
ActiveModel::UnknownAttributeError (unknown attribute 'creator_id' for Event.):
  
app/controllers/events_controller.rb:28:in `create'
Started POST "/events" for 127.0.0.1 at 2020-12-06 22:13:51 +0530
  [1m[35m (0.1ms)[0m  [1m[34mSELECT sqlite_version(*)[0m
Processing by EventsController#create as HTML
  Parameters: {"authenticity_token"=>"s6MqDwCSzw3VlZ4wkHBHfPsSIebDfRBDO6U1jyN76lbbxhwxwtG53GicEtpcgaKrpOb/R84BOIAt9c4x22NuTA==", "event"=>{"title"=>"fgh", "description"=>"fgjnhg", "event_date(1i)"=>"2020", "event_date(2i)"=>"12", "event_date(3i)"=>"6"}, "commit"=>"Create Event"}
  [1m[36mUser Load (0.6ms)[0m  [1m[34mSELECT "users".* FROM "users" WHERE "users"."id" = ? LIMIT ?[0m  [["id", 1], ["LIMIT", 1]]
  ↳ app/controllers/application_controller.rb:4:in `current_user'
[31mUnpermitted parameters: :event_date(1i), :event_date(2i), :event_date(3i)[0m
Completed 500 Internal Server Error in 65ms (ActiveRecord: 5.9ms | Allocations: 11251)


  
ActiveModel::UnknownAttributeError (unknown attribute 'creator_id' for Event.):
  
app/controllers/events_controller.rb:33:in `create'
Started POST "/events" for 127.0.0.1 at 2020-12-06 22:13:57 +0530
Processing by EventsController#create as HTML
  Parameters: {"authenticity_token"=>"s6MqDwCSzw3VlZ4wkHBHfPsSIebDfRBDO6U1jyN76lbbxhwxwtG53GicEtpcgaKrpOb/R84BOIAt9c4x22NuTA==", "event"=>{"title"=>"fgh", "description"=>"fgjnhg", "event_date(1i)"=>"2020", "event_date(2i)"=>"12", "event_date(3i)"=>"6"}, "commit"=>"Create Event"}
  [1m[36mUser Load (0.4ms)[0m  [1m[34mSELECT "users".* FROM "users" WHERE "users"."id" = ? LIMIT ?[0m  [["id", 1], ["LIMIT", 1]]
  ↳ app/controllers/application_controller.rb:4:in `current_user'
[31mUnpermitted parameters: :event_date(1i), :event_date(2i), :event_date(3i)[0m
Completed 500 Internal Server Error in 50ms (ActiveRecord: 0.4ms | Allocations: 1638)


  
ActiveModel::UnknownAttributeError (unknown attribute 'creator_id' for Event.):
  
app/controllers/events_controller.rb:33:in `create'
Started POST "/events" for 127.0.0.1 at 2020-12-06 22:14:02 +0530
Processing by EventsController#create as HTML
  Parameters: {"authenticity_token"=>"9loXHhRdodTDipbVK4567TLQO6oSuuLGRpfKp8EaFpKlZYVnMTXgij2lbSroe7kSJYo3Yq6aYeVqhAwRTsAs3g==", "event"=>{"title"=>"fgh", "description"=>"fgjnhg", "event_date(1i)"=>"2020", "event_date(2i)"=>"12", "event_date(3i)"=>"6"}, "commit"=>"Create Event"}
  [1m[36mUser Load (0.4ms)[0m  [1m[34mSELECT "users".* FROM "users" WHERE "users"."id" = ? LIMIT ?[0m  [["id", 1], ["LIMIT", 1]]
  ↳ app/controllers/application_controller.rb:4:in `current_user'
[31mUnpermitted parameters: :event_date(1i), :event_date(2i), :event_date(3i)[0m
Completed 500 Internal Server Error in 38ms (ActiveRecord: 0.4ms | Allocations: 1610)


  
ActiveModel::UnknownAttributeError (unknown attribute 'creator_id' for Event.):
  
app/controllers/events_controller.rb:33:in `create'
Started POST "/events" for 127.0.0.1 at 2020-12-06 22:14:44 +0530
  [1m[35m (0.1ms)[0m  [1m[34mSELECT sqlite_version(*)[0m
Processing by EventsController#create as HTML
  Parameters: {"authenticity_token"=>"9loXHhRdodTDipbVK4567TLQO6oSuuLGRpfKp8EaFpKlZYVnMTXgij2lbSroe7kSJYo3Yq6aYeVqhAwRTsAs3g==", "event"=>{"title"=>"fgh", "description"=>"fgjnhg", "event_date(1i)"=>"2020", "event_date(2i)"=>"12", "event_date(3i)"=>"6"}, "commit"=>"Create Event"}
  [1m[36mUser Load (0.5ms)[0m  [1m[34mSELECT "users".* FROM "users" WHERE "users"."id" = ? LIMIT ?[0m  [["id", 1], ["LIMIT", 1]]
  ↳ app/controllers/application_controller.rb:4:in `current_user'
Completed 500 Internal Server Error in 113ms (ActiveRecord: 4.9ms | Allocations: 11286)


  
ActiveModel::UnknownAttributeError (unknown attribute 'creator_id' for Event.):
  
app/controllers/events_controller.rb:33:in `create'
Started POST "/events" for 127.0.0.1 at 2020-12-06 22:14:55 +0530
Processing by EventsController#create as HTML
  Parameters: {"authenticity_token"=>"9loXHhRdodTDipbVK4567TLQO6oSuuLGRpfKp8EaFpKlZYVnMTXgij2lbSroe7kSJYo3Yq6aYeVqhAwRTsAs3g==", "event"=>{"title"=>"fgh", "description"=>"fgjnhg", "event_date(1i)"=>"2020", "event_date(2i)"=>"12", "event_date(3i)"=>"6"}, "commit"=>"Create Event"}
  [1m[36mUser Load (0.5ms)[0m  [1m[34mSELECT "users".* FROM "users" WHERE "users"."id" = ? LIMIT ?[0m  [["id", 1], ["LIMIT", 1]]
  ↳ app/controllers/application_controller.rb:4:in `current_user'
Completed 500 Internal Server Error in 18ms (ActiveRecord: 0.5ms | Allocations: 1674)


  
ActiveModel::UnknownAttributeError (unknown attribute 'creator_id' for Event.):
  
app/controllers/events_controller.rb:33:in `create'
Started POST "/events" for 127.0.0.1 at 2020-12-06 22:18:06 +0530
  [1m[35m (0.2ms)[0m  [1m[34mSELECT sqlite_version(*)[0m
Processing by EventsController#create as HTML
  Parameters: {"authenticity_token"=>"9loXHhRdodTDipbVK4567TLQO6oSuuLGRpfKp8EaFpKlZYVnMTXgij2lbSroe7kSJYo3Yq6aYeVqhAwRTsAs3g==", "event"=>{"title"=>"fgh", "description"=>"fgjnhg", "event_date(1i)"=>"2020", "event_date(2i)"=>"12", "event_date(3i)"=>"6"}, "commit"=>"Create Event"}
  [1m[36mUser Load (0.7ms)[0m  [1m[34mSELECT "users".* FROM "users" WHERE "users"."id" = ? LIMIT ?[0m  [["id", 1], ["LIMIT", 1]]
  ↳ app/controllers/application_controller.rb:4:in `current_user'
Completed 500 Internal Server Error in 203ms (ActiveRecord: 8.3ms | Allocations: 11391)


  
ActiveModel::UnknownAttributeError (unknown attribute 'creator_id' for Event.):
  
app/controllers/events_controller.rb:33:in `create'
Started POST "/events" for 127.0.0.1 at 2020-12-06 22:18:17 +0530
  [1m[35m (0.1ms)[0m  [1m[34mSELECT sqlite_version(*)[0m
Processing by EventsController#create as HTML
  Parameters: {"authenticity_token"=>"9loXHhRdodTDipbVK4567TLQO6oSuuLGRpfKp8EaFpKlZYVnMTXgij2lbSroe7kSJYo3Yq6aYeVqhAwRTsAs3g==", "event"=>{"title"=>"fgh", "description"=>"fgjnhg", "event_date(1i)"=>"2020", "event_date(2i)"=>"12", "event_date(3i)"=>"6"}, "commit"=>"Create Event"}
  [1m[36mUser Load (0.6ms)[0m  [1m[34mSELECT "users".* FROM "users" WHERE "users"."id" = ? LIMIT ?[0m  [["id", 1], ["LIMIT", 1]]
  ↳ app/controllers/application_controller.rb:4:in `current_user'
Completed 500 Internal Server Error in 98ms (ActiveRecord: 5.2ms | Allocations: 11331)


  
ActiveModel::UnknownAttributeError (unknown attribute 'creator_id' for Event.):
  
app/controllers/events_controller.rb:33:in `create'
Started POST "/events" for 127.0.0.1 at 2020-12-06 22:18:22 +0530
Processing by EventsController#create as HTML
  Parameters: {"authenticity_token"=>"9loXHhRdodTDipbVK4567TLQO6oSuuLGRpfKp8EaFpKlZYVnMTXgij2lbSroe7kSJYo3Yq6aYeVqhAwRTsAs3g==", "event"=>{"title"=>"fgh", "description"=>"fgjnhg", "event_date(1i)"=>"2020", "event_date(2i)"=>"12", "event_date(3i)"=>"6"}, "commit"=>"Create Event"}
  [1m[36mUser Load (0.8ms)[0m  [1m[34mSELECT "users".* FROM "users" WHERE "users"."id" = ? LIMIT ?[0m  [["id", 1], ["LIMIT", 1]]
  ↳ app/controllers/application_controller.rb:4:in `current_user'
Completed 500 Internal Server Error in 25ms (ActiveRecord: 0.8ms | Allocations: 1685)


  
ActiveModel::UnknownAttributeError (unknown attribute 'creator_id' for Event.):
  
app/controllers/events_controller.rb:33:in `create'
Started POST "/events" for 127.0.0.1 at 2020-12-06 22:18:50 +0530
  [1m[35m (0.2ms)[0m  [1m[34mSELECT sqlite_version(*)[0m
Processing by EventsController#create as HTML
  Parameters: {"authenticity_token"=>"9loXHhRdodTDipbVK4567TLQO6oSuuLGRpfKp8EaFpKlZYVnMTXgij2lbSroe7kSJYo3Yq6aYeVqhAwRTsAs3g==", "event"=>{"title"=>"fgh", "description"=>"fgjnhg", "event_date(1i)"=>"2020", "event_date(2i)"=>"12", "event_date(3i)"=>"6"}, "commit"=>"Create Event"}
  [1m[36mUser Load (0.8ms)[0m  [1m[34mSELECT "users".* FROM "users" WHERE "users"."id" = ? LIMIT ?[0m  [["id", 1], ["LIMIT", 1]]
  ↳ app/controllers/application_controller.rb:4:in `current_user'
Completed 500 Internal Server Error in 139ms (ActiveRecord: 10.4ms | Allocations: 11364)


  
ActiveModel::UnknownAttributeError (unknown attribute 'creator_id' for Event.):
  
app/controllers/events_controller.rb:33:in `create'
Started POST "/events" for 127.0.0.1 at 2020-12-06 22:21:00 +0530
  [1m[35m (0.2ms)[0m  [1m[34mSELECT sqlite_version(*)[0m
Processing by EventsController#create as HTML
  Parameters: {"authenticity_token"=>"9loXHhRdodTDipbVK4567TLQO6oSuuLGRpfKp8EaFpKlZYVnMTXgij2lbSroe7kSJYo3Yq6aYeVqhAwRTsAs3g==", "event"=>{"title"=>"fgh", "description"=>"fgjnhg", "event_date(1i)"=>"2020", "event_date(2i)"=>"12", "event_date(3i)"=>"6"}, "commit"=>"Create Event"}
  [1m[36mUser Load (0.4ms)[0m  [1m[34mSELECT "users".* FROM "users" WHERE "users"."id" = ? LIMIT ?[0m  [["id", 1], ["LIMIT", 1]]
  ↳ app/controllers/application_controller.rb:4:in `current_user'
Completed 500 Internal Server Error in 183ms (ActiveRecord: 4.3ms | Allocations: 11403)


  
ActiveModel::UnknownAttributeError (unknown attribute 'creator_id' for Event.):
  
app/controllers/events_controller.rb:33:in `create'
Started POST "/events" for 127.0.0.1 at 2020-12-06 22:36:47 +0530
  [1m[35m (0.1ms)[0m  [1m[34mSELECT sqlite_version(*)[0m
Processing by EventsController#create as HTML
  Parameters: {"authenticity_token"=>"9loXHhRdodTDipbVK4567TLQO6oSuuLGRpfKp8EaFpKlZYVnMTXgij2lbSroe7kSJYo3Yq6aYeVqhAwRTsAs3g==", "event"=>{"title"=>"fgh", "description"=>"fgjnhg", "event_date(1i)"=>"2020", "event_date(2i)"=>"12", "event_date(3i)"=>"6"}, "commit"=>"Create Event"}
  [1m[36mUser Load (0.5ms)[0m  [1m[34mSELECT "users".* FROM "users" WHERE "users"."id" = ? LIMIT ?[0m  [["id", 1], ["LIMIT", 1]]
  ↳ app/controllers/application_controller.rb:4:in `current_user'
Completed 500 Internal Server Error in 24ms (ActiveRecord: 0.5ms | Allocations: 1701)


  
ActiveModel::UnknownAttributeError (unknown attribute 'creator_id' for Event.):
  
app/controllers/events_controller.rb:33:in `create'
Started POST "/events" for 127.0.0.1 at 2020-12-06 22:37:20 +0530
  [1m[35m (0.1ms)[0m  [1m[34mSELECT sqlite_version(*)[0m
Processing by EventsController#create as HTML
  Parameters: {"authenticity_token"=>"9loXHhRdodTDipbVK4567TLQO6oSuuLGRpfKp8EaFpKlZYVnMTXgij2lbSroe7kSJYo3Yq6aYeVqhAwRTsAs3g==", "event"=>{"title"=>"fgh", "description"=>"fgjnhg", "event_date(1i)"=>"2020", "event_date(2i)"=>"12", "event_date(3i)"=>"6"}, "commit"=>"Create Event"}
  [1m[36mUser Load (0.6ms)[0m  [1m[34mSELECT "users".* FROM "users" WHERE "users"."id" = ? LIMIT ?[0m  [["id", 1], ["LIMIT", 1]]
  ↳ app/controllers/application_controller.rb:4:in `current_user'
Completed 500 Internal Server Error in 124ms (ActiveRecord: 4.4ms | Allocations: 11406)


  
ActiveModel::UnknownAttributeError (unknown attribute 'creator_id' for Event.):
  
app/controllers/events_controller.rb:33:in `create'
Started POST "/events" for 127.0.0.1 at 2020-12-06 22:37:54 +0530
  [1m[35m (0.1ms)[0m  [1m[34mSELECT sqlite_version(*)[0m
Processing by EventsController#create as HTML
  Parameters: {"authenticity_token"=>"9loXHhRdodTDipbVK4567TLQO6oSuuLGRpfKp8EaFpKlZYVnMTXgij2lbSroe7kSJYo3Yq6aYeVqhAwRTsAs3g==", "event"=>{"title"=>"fgh", "description"=>"fgjnhg", "event_date(1i)"=>"2020", "event_date(2i)"=>"12", "event_date(3i)"=>"6"}, "commit"=>"Create Event"}
  [1m[36mUser Load (1.2ms)[0m  [1m[34mSELECT "users".* FROM "users" WHERE "users"."id" = ? LIMIT ?[0m  [["id", 1], ["LIMIT", 1]]
  ↳ app/controllers/application_controller.rb:4:in `current_user'
Completed 500 Internal Server Error in 119ms (ActiveRecord: 8.5ms | Allocations: 11297)


  
ActiveModel::UnknownAttributeError (unknown attribute 'creator_id' for Event.):
  
app/controllers/events_controller.rb:33:in `create'
Started POST "/events" for 127.0.0.1 at 2020-12-06 22:38:32 +0530
  [1m[35m (0.1ms)[0m  [1m[34mSELECT sqlite_version(*)[0m
Processing by EventsController#create as HTML
  Parameters: {"authenticity_token"=>"9loXHhRdodTDipbVK4567TLQO6oSuuLGRpfKp8EaFpKlZYVnMTXgij2lbSroe7kSJYo3Yq6aYeVqhAwRTsAs3g==", "event"=>{"title"=>"fgh", "description"=>"fgjnhg", "event_date(1i)"=>"2020", "event_date(2i)"=>"12", "event_date(3i)"=>"6"}, "commit"=>"Create Event"}
  [1m[36mUser Load (0.7ms)[0m  [1m[34mSELECT "users".* FROM "users" WHERE "users"."id" = ? LIMIT ?[0m  [["id", 1], ["LIMIT", 1]]
  ↳ app/controllers/application_controller.rb:4:in `current_user'
Completed 500 Internal Server Error in 82ms (ActiveRecord: 6.3ms | Allocations: 11316)


  
ActiveModel::UnknownAttributeError (unknown attribute 'creator_id' for Event.):
  
app/controllers/events_controller.rb:27:in `create'
Started POST "/events" for 127.0.0.1 at 2020-12-06 22:39:05 +0530
  [1m[35m (0.1ms)[0m  [1m[34mSELECT sqlite_version(*)[0m
Processing by EventsController#create as HTML
  Parameters: {"authenticity_token"=>"9loXHhRdodTDipbVK4567TLQO6oSuuLGRpfKp8EaFpKlZYVnMTXgij2lbSroe7kSJYo3Yq6aYeVqhAwRTsAs3g==", "event"=>{"title"=>"fgh", "description"=>"fgjnhg", "event_date(1i)"=>"2020", "event_date(2i)"=>"12", "event_date(3i)"=>"6"}, "commit"=>"Create Event"}
  [1m[36mUser Load (2.8ms)[0m  [1m[34mSELECT "users".* FROM "users" WHERE "users"."id" = ? LIMIT ?[0m  [["id", 1], ["LIMIT", 1]]
  ↳ app/controllers/application_controller.rb:4:in `current_user'
Completed 500 Internal Server Error in 121ms (ActiveRecord: 12.9ms | Allocations: 11297)


  
ActiveModel::UnknownAttributeError (unknown attribute 'creator_id' for Event.):
  
app/controllers/events_controller.rb:33:in `create'
Started POST "/events" for 127.0.0.1 at 2020-12-06 22:40:02 +0530
  [1m[35m (0.1ms)[0m  [1m[34mSELECT sqlite_version(*)[0m
Processing by EventsController#create as HTML
  Parameters: {"authenticity_token"=>"9loXHhRdodTDipbVK4567TLQO6oSuuLGRpfKp8EaFpKlZYVnMTXgij2lbSroe7kSJYo3Yq6aYeVqhAwRTsAs3g==", "event"=>{"title"=>"fgh", "description"=>"fgjnhg", "event_date(1i)"=>"2020", "event_date(2i)"=>"12", "event_date(3i)"=>"6"}, "commit"=>"Create Event"}
  [1m[36mUser Load (0.5ms)[0m  [1m[34mSELECT "users".* FROM "users" WHERE "users"."id" = ? LIMIT ?[0m  [["id", 1], ["LIMIT", 1]]
  ↳ app/controllers/application_controller.rb:4:in `current_user'
Completed 500 Internal Server Error in 82ms (ActiveRecord: 5.0ms | Allocations: 11292)


  
ActiveModel::UnknownAttributeError (unknown attribute 'creator_id' for Event.):
  
app/controllers/events_controller.rb:33:in `create'
Started POST "/events" for 127.0.0.1 at 2020-12-06 22:40:29 +0530
  [1m[35m (0.1ms)[0m  [1m[34mSELECT sqlite_version(*)[0m
Processing by EventsController#create as HTML
  Parameters: {"authenticity_token"=>"9loXHhRdodTDipbVK4567TLQO6oSuuLGRpfKp8EaFpKlZYVnMTXgij2lbSroe7kSJYo3Yq6aYeVqhAwRTsAs3g==", "event"=>{"title"=>"fgh", "description"=>"fgjnhg", "event_date(1i)"=>"2020", "event_date(2i)"=>"12", "event_date(3i)"=>"6"}, "commit"=>"Create Event"}
  [1m[36mUser Load (0.5ms)[0m  [1m[34mSELECT "users".* FROM "users" WHERE "users"."id" = ? LIMIT ?[0m  [["id", 1], ["LIMIT", 1]]
  ↳ app/controllers/application_controller.rb:4:in `current_user'
Completed 500 Internal Server Error in 79ms (ActiveRecord: 5.4ms | Allocations: 11324)


  
ActiveModel::UnknownAttributeError (unknown attribute 'creator_id' for Event.):
  
app/controllers/events_controller.rb:33:in `create'
Started POST "/events" for 127.0.0.1 at 2020-12-06 22:41:04 +0530
  [1m[35m (0.2ms)[0m  [1m[34mSELECT sqlite_version(*)[0m
Processing by EventsController#create as HTML
  Parameters: {"authenticity_token"=>"9loXHhRdodTDipbVK4567TLQO6oSuuLGRpfKp8EaFpKlZYVnMTXgij2lbSroe7kSJYo3Yq6aYeVqhAwRTsAs3g==", "event"=>{"title"=>"fgh", "description"=>"fgjnhg", "event_date(1i)"=>"2020", "event_date(2i)"=>"12", "event_date(3i)"=>"6"}, "commit"=>"Create Event"}
  [1m[36mUser Load (0.4ms)[0m  [1m[34mSELECT "users".* FROM "users" WHERE "users"."id" = ? LIMIT ?[0m  [["id", 1], ["LIMIT", 1]]
  ↳ app/controllers/application_controller.rb:4:in `current_user'
Completed 500 Internal Server Error in 147ms (ActiveRecord: 5.2ms | Allocations: 14685)


  
NoMethodError (undefined method `date' for #<Event:0x000000000cea1e18>
Did you mean?  update):
  
app/controllers/events_controller.rb:33:in `create'
Started POST "/events" for 127.0.0.1 at 2020-12-06 22:41:29 +0530
  [1m[35m (0.1ms)[0m  [1m[34mSELECT sqlite_version(*)[0m
Processing by EventsController#create as HTML
  Parameters: {"authenticity_token"=>"9loXHhRdodTDipbVK4567TLQO6oSuuLGRpfKp8EaFpKlZYVnMTXgij2lbSroe7kSJYo3Yq6aYeVqhAwRTsAs3g==", "event"=>{"title"=>"fgh", "description"=>"fgjnhg", "event_date(1i)"=>"2020", "event_date(2i)"=>"12", "event_date(3i)"=>"6"}, "commit"=>"Create Event"}
  [1m[36mUser Load (0.4ms)[0m  [1m[34mSELECT "users".* FROM "users" WHERE "users"."id" = ? LIMIT ?[0m  [["id", 1], ["LIMIT", 1]]
  ↳ app/controllers/application_controller.rb:4:in `current_user'
Completed 500 Internal Server Error in 89ms (ActiveRecord: 4.3ms | Allocations: 11371)


  
ActiveModel::UnknownAttributeError (unknown attribute 'creator_id' for Event.):
  
app/controllers/events_controller.rb:33:in `create'
Started POST "/events" for 127.0.0.1 at 2020-12-06 22:43:45 +0530
  [1m[35m (0.1ms)[0m  [1m[34mSELECT sqlite_version(*)[0m
Processing by EventsController#create as HTML
  Parameters: {"authenticity_token"=>"9loXHhRdodTDipbVK4567TLQO6oSuuLGRpfKp8EaFpKlZYVnMTXgij2lbSroe7kSJYo3Yq6aYeVqhAwRTsAs3g==", "event"=>{"title"=>"fgh", "description"=>"fgjnhg", "event_date(1i)"=>"2020", "event_date(2i)"=>"12", "event_date(3i)"=>"6"}, "commit"=>"Create Event"}
  [1m[36mUser Load (0.5ms)[0m  [1m[34mSELECT "users".* FROM "users" WHERE "users"."id" = ? LIMIT ?[0m  [["id", 1], ["LIMIT", 1]]
  ↳ app/controllers/application_controller.rb:4:in `current_user'
Completed 500 Internal Server Error in 68ms (ActiveRecord: 6.1ms | Allocations: 11297)


  
ActiveModel::UnknownAttributeError (unknown attribute 'creator_id' for Event.):
  
app/controllers/events_controller.rb:28:in `create'
Started POST "/events" for 127.0.0.1 at 2020-12-06 22:45:12 +0530
Processing by EventsController#create as HTML
  Parameters: {"authenticity_token"=>"9loXHhRdodTDipbVK4567TLQO6oSuuLGRpfKp8EaFpKlZYVnMTXgij2lbSroe7kSJYo3Yq6aYeVqhAwRTsAs3g==", "event"=>{"title"=>"fgh", "description"=>"fgjnhg", "event_date(1i)"=>"2020", "event_date(2i)"=>"12", "event_date(3i)"=>"6"}, "commit"=>"Create Event"}
  [1m[36mUser Load (0.7ms)[0m  [1m[34mSELECT "users".* FROM "users" WHERE "users"."id" = ? LIMIT ?[0m  [["id", 1], ["LIMIT", 1]]
  ↳ app/controllers/application_controller.rb:4:in `current_user'
Completed 500 Internal Server Error in 58ms (ActiveRecord: 0.7ms | Allocations: 1670)


  
ActiveModel::UnknownAttributeError (unknown attribute 'creator_id' for Event.):
  
app/controllers/events_controller.rb:28:in `create'
